     1                                  ; alive2.asm
     2                                  section .data
     3 00000000 48656C6C6F2C20576F-         msg1    db  "Hello, World!",    0
     3 00000009 726C642100         
     4 0000000E 416C69766520616E64-         msg2    db  "Alive and Kicking!",   0
     4 00000017 204B69636B696E6721-
     4 00000020 00                 
     5 00000021 65010000                    radius  dd  357
     6 00000025 1F85EB51B81E0940            pi      dq  3.14
     7 0000002D 25730A00                    fmtstr  db  "%s",   10, 0
     8 00000031 2531660A00                  fmtflt  db  "%1f",  10, 0
     9 00000036 25640A00                    fmtint  db  "%d",   10, 0
    10                                  section .bss
    11                                  section .text
    12                                  extern  printf
    13                                      global  main
    14                                  main:
    15 00000000 55                          push    rbp
    16 00000001 4889E5                      mov     rbp,    rsp
    17                                      ; print msg1
    18 00000004 48BF-                       mov     rdi,    fmtstr
    18 00000006 [2D00000000000000] 
    19 0000000E 48BE-                       mov     rsi,    msg1
    19 00000010 [0000000000000000] 
    20 00000018 E8(00000000)                call    printf
    21                                      ; print msg2
    22 0000001D 48BF-                       mov     rdi,    fmtstr
    22 0000001F [2D00000000000000] 
    23 00000027 48BE-                       mov     rsi,    msg2
    23 00000029 [0E00000000000000] 
    24 00000031 E8(00000000)                call    printf
    25                                      ; print radius
    26 00000036 B800000000                  mov     rax,    0
    27 0000003B 48BF-                       mov     rdi,    fmtint
    27 0000003D [3600000000000000] 
    28 00000045 488B3425[21000000]          mov     rsi,    [radius]
    29 0000004D E8(00000000)                call    printf
    30                                      ; print pi
    31 00000052 B801000000                  mov     rax,    1
    32 00000057 F30F7E0425-                 movq    xmm0,   [pi]
    32 0000005C [25000000]         
    33 00000060 48BF-                       mov     rdi,    fmtflt
    33 00000062 [3100000000000000] 
    34 0000006A E8(00000000)                call    printf
    35 0000006F 4889EC                      mov     rsp,    rbp
    36 00000072 5D                          pop     rbp
    37 00000073 C3                      ret
