     1                                  ; function4.asm
     2                                  ; =====================================================
     3                                  extern printf
     4                                  extern c_area
     5                                  extern c_circum
     6                                  extern r_area
     7                                  extern r_circum
     8                                  global pi
     9                                  section .data
    10 00000000 50455254FB210940            pi      dq  3.141592654
    11 00000008 0000000000002440            radius  dq  10.0
    12 00000010 0400000000000000            side1   dq  4
    13 00000018 0500000000000000            side2   dq  5
    14 00000020 25732025660A00              fmtf    db  "%s %f",    10, 0
    15 00000027 25732025640A00              fmti    db  "%s %d",    10, 0
    16 0000002E 54686520636972636C-         ca      db  "The circle area is ",  0
    16 00000037 652061726561206973-
    16 00000040 2000               
    17 00000042 54686520636972636C-         cc      db  "The circle circumference is ", 0
    17 0000004B 652063697263756D66-
    17 00000054 6572656E6365206973-
    17 0000005D 2000               
    18 0000005F 546865207265637461-         ra      db  "The rectangle area is ",   0
    18 00000068 6E676C652061726561-
    18 00000071 2069732000         
    19 00000076 546865207265637461-         rc      db  "The rectangle circumference is ",  0
    19 0000007F 6E676C652063697263-
    19 00000088 756D666572656E6365-
    19 00000091 2069732000         
    20                                  section .bss
    21                                  section .text
    22                                      global main
    23                                  main:
    24 00000000 55                          push    rbp
    25 00000001 4889E5                      mov     rbp,    rsp
    26                                      ; 圆面积
    27 00000004 F20F100425-                 movsd   xmm0,   qword [radius]
    27 00000009 [08000000]         
    28 0000000D E8(00000000)                call    c_area
    29                                      ; 打印圆面积
    30 00000012 48BF-                       mov     rdi,    fmtf
    30 00000014 [2000000000000000] 
    31 0000001C 48BE-                       mov     rsi,    ca
    31 0000001E [2E00000000000000] 
    32 00000026 B801000000                  mov     rax,    1
    33 0000002B E8(00000000)                call    printf
    34                                      ; 圆周长
    35 00000030 F20F100425-                 movsd   xmm0,   qword [radius]
    35 00000035 [08000000]         
    36 00000039 E8(00000000)                call    c_circum
    37                                      ; 打印圆周长
    38 0000003E 48BF-                       mov     rdi,    fmtf
    38 00000040 [2000000000000000] 
    39 00000048 48BE-                       mov     rsi,    cc
    39 0000004A [4200000000000000] 
    40 00000052 B801000000                  mov     rax,    1
    41 00000057 E8(00000000)                call    printf
    42                                      ; 矩形面积
    43 0000005C 488B3C25[10000000]          mov     rdi,    [side1]
    44 00000064 488B3425[18000000]          mov     rsi,    [side2]
    45 0000006C E8(00000000)                call    r_area
    46                                      ; 打印矩形面积
    47 00000071 48BF-                       mov     rdi,    fmti
    47 00000073 [2700000000000000] 
    48 0000007B 48BE-                       mov     rsi,    ra
    48 0000007D [5F00000000000000] 
    49 00000085 4889C2                      mov     rdx,    rax
    50 00000088 B800000000                  mov     rax,    0
    51 0000008D E8(00000000)                call    printf
    52                                      ; 矩形周长
    53 00000092 488B3C25[10000000]          mov     rdi,    [side1]
    54 0000009A 488B3425[18000000]          mov     rsi,    [side2]
    55 000000A2 E8(00000000)                call    r_circum
    56                                      ; 打印矩形周长
    57 000000A7 48BF-                       mov     rdi,    fmti
    57 000000A9 [2700000000000000] 
    58 000000B1 48BE-                       mov     rsi,    rc
    58 000000B3 [7600000000000000] 
    59 000000BB 4889C2                      mov     rdx,    rax
    60 000000BE B800000000                  mov     rax,    0
    61 000000C3 E8(00000000)                call    printf
    62                                  
    63 000000C8 4889EC                      mov     rsp,    rbp
    64 000000CB 5D                          pop     rbp
    65 000000CC C3                          ret
    66                                  ; =====================================================
