     1                                  ; function2.asm
     2                                  extern printf
     3                                  section .data
     4 00000000 0000000000002440            radius  dq  10.0
     5                                  section .bss
     6                                  section .text
     7                                  ; ======================================================
     8                                  area:
     9                                      section .data
    10 00000008 50455254FB210940                .pi dq  3.141592654             ; area的局部变量
    11                                      section .text
    12 00000000 55                              push    rbp
    13 00000001 4889E5                          mov     rbp,    rsp
    14                                  
    15 00000004 F20F100425-                     movsd   xmm0,   [radius]
    15 00000009 [00000000]         
    16 0000000D F20F590425-                     mulsd   xmm0,   [radius]
    16 00000012 [00000000]         
    17 00000016 F20F590425-                     mulsd   xmm0,   [.pi]
    17 0000001B [08000000]         
    18                                  
    19 0000001F C9                              leave
    20 00000020 C3                              ret
    21                                  ; ======================================================
    22                                  circum:
    23                                      section .data
    24 00000010 1F85EB51B81E0940                .pi dq  3.14                    ; circum的局部变量
    25                                      section .text
    26 00000021 55                              push    rbp
    27 00000022 4889E5                          mov     rbp,    rsp
    28                                  
    29 00000025 F20F100425-                     movsd   xmm0,   [radius]
    29 0000002A [00000000]         
    30 0000002E F20F580425-                     addsd   xmm0,   [radius]
    30 00000033 [00000000]         
    31 00000037 F20F590425-                     mulsd   xmm0,   [.pi]
    31 0000003C [10000000]         
    32                                  
    33 00000040 C9                              leave
    34 00000041 C3                              ret
    35                                  ; ======================================================
    36                                  circle:
    37                                      section .data
    38 00000018 546865206172656120-             .fmt_area   db  "The area is %f",   10, 0
    38 00000021 69732025660A00     
    39 00000028 546865206369726375-             .fmt_circum db  "The circumference is %f",  10, 0
    39 00000031 6D666572656E636520-
    39 0000003A 69732025660A00     
    40                                      section .text
    41 00000042 55                              push    rbp
    42 00000043 4889E5                          mov     rbp,    rsp
    43                                  
    44 00000046 E8B5FFFFFF                      call    area
    45 0000004B 48BF-                           mov     rdi,    .fmt_area
    45 0000004D [1800000000000000] 
    46 00000055 B801000000                      mov     rax,    1
    47 0000005A E8(00000000)                    call    printf
    48 0000005F E8BDFFFFFF                      call    circum
    49 00000064 48BF-                           mov     rdi,    .fmt_circum
    49 00000066 [2800000000000000] 
    50                                          ; mov     rax,    1
    51 0000006E E8(00000000)                    call    printf
    52                                  
    53 00000073 C9                              leave
    54 00000074 C3                              ret
    55                                  ; ======================================================
    56                                      global  main
    57                                  main:
    58 00000075 55                          push    rbp
    59 00000076 4889E5                      mov     rbp,    rsp
    60                                  
    61 00000079 E8C4FFFFFF                  call    circle
    62                                  
    63 0000007E C9                          leave
    64 0000007F C3                          ret
    65                                  ; ======================================================
