     1                                  ; jump.asm
     2                                  extern printf
     3                                  section .data
     4 00000000 2A00000000000000            number1 dq  42
     5 00000008 2900000000000000            number2 dq  41
     6 00000010 4E554D42455231203E-         fmt1    db  "NUMBER1 >= NUMBER2",   10, 0
     6 00000019 3D204E554D42455232-
     6 00000022 0A00               
     7 00000024 4E554D42455231203C-         fmt2    db  "NUMBER1 < NUMBER2",    10, 0
     7 0000002D 204E554D424552320A-
     7 00000036 00                 
     8                                  
     9                                  section .bss
    10                                  section .text
    11                                      global main
    12                                  main:
    13 00000000 55                          push    rbp
    14 00000001 4889E5                      mov     rbp,    rsp
    15 00000004 488B0425[00000000]          mov     rax,    [number1]       ; 将number1放入寄存器
    16 0000000C 488B1C25[08000000]          mov     rbx,    [number2]       ; 将number2放入寄存器
    17 00000014 4839D8                      cmp     rax,    rbx             ; 比较rax和rbx的大小
    18 00000017 7D16                        jge     greater                 ; 如果rax小于rbx，则跳转转到greater
    19 00000019 48BF-                       mov     rdi,    fmt2            ; 否则从这里继续执行
    19 0000001B [2400000000000000] 
    20 00000023 B800000000                  mov     rax,    0               ; 不涉及xmm寄存器
    21 00000028 E8(00000000)                call    printf
    22 0000002D EB14                        jmp     exit
    23                                  greater:
    24 0000002F 48BF-                       mov     rdi,    fmt1
    24 00000031 [1000000000000000] 
    25 00000039 B800000000                  mov     rax,    0
    26 0000003E E8(00000000)                call    printf
    27                                  exit:
    28 00000043 4889EC                      mov     rsp,    rbp
    29 00000046 5D                          pop     rbp
    30 00000047 C3                          ret
